#
# A fatal error has been detected by the Java Runtime Environment:
#
#  SIGBUS (0xa) at pc=0x00007f9486f07fb0, pid=5901, tid=0x0000000000002b03
#
# JRE version: OpenJDK Runtime Environment (8.0_152-b08) (build 1.8.0_152-release-915-b08)
# Java VM: OpenJDK 64-Bit Server VM (25.152-b08 mixed mode bsd-amd64 compressed oops)
# Problematic frame:
# C  0x00007f9486f07fb0
#
# Failed to write core dump. Core dumps have been disabled. To enable core dumping, try "ulimit -c unlimited" before starting Java again
#
# If you would like to submit a bug report, please visit:
#   http://bugreport.java.com/bugreport/crash.jsp
#

---------------  T H R E A D  ---------------

Current thread (0x00007f948800e000):  GCTaskThread [stack: 0x000070000444a000,0x000070000454a000] [id=11011]

siginfo: si_signo: 10 (SIGBUS), si_code: 2 (BUS_ADRERR), si_addr: 0x00007f9486f07fb0

Registers:
RAX=0x00007f9488002800, RBX=0x00000007608b5800, RCX=0x0000000800000003, RDX=0x00000007608b56e0
RSP=0x0000700004549cf8, RBP=0x0000700004549d90, RSI=0x00007f948801ff40, RDI=0x00000007c00102a0
R8 =0x0000000110de0d50, R9 =0x0000000000000000, R10=0x00000007ad00dce8, R11=0xffffffffb1586f68
R12=0x000000011143b5ac, R13=0x000000011143b601, R14=0x00000007608b56e0, R15=0x0000000000000240
RIP=0x00007f9486f07fb0, EFLAGS=0x0000000000010217, ERR=0x0000000000000015
  TRAPNO=0x000000000000000e

Top of Stack: (sp=0x0000700004549cf8)
0x0000700004549cf8:   00000001107413a9 00000007608c0010
0x0000700004549d08:   000000011143b581 000000011143b400
0x0000700004549d18:   0000000000000200 000000011143b600
0x0000700004549d28:   000000011145bfdc 000000011145bfdb
0x0000700004549d38:   00000007649fb698 0000000000000180
0x0000700004549d48:   00007f948801ff40 00000007608b2c08
0x0000700004549d58:   00007f9486e061c0 00007f9486e06430
0x0000700004549d68:   00007f9486f13610 00007f9486f13610
0x0000700004549d78:   0000000110ba31f4 00007f948801ff40
0x0000700004549d88:   0000000000000001 0000700004549dc0
0x0000700004549d98:   0000000110a7607f 00007f9400000004
0x0000700004549da8:   00007f94872f6480 00007f948800e000
0x0000700004549db8:   0000000000000000 0000700004549ea0
0x0000700004549dc8:   00000001108539a8 0000000110df1e60
0x0000700004549dd8:   00007f948800e000 00007f9486f11db0
0x0000700004549de8:   00007f9486f11df0 00007f9486f11e00
0x0000700004549df8:   00007f9486f11ed8 00000000000000d8
0x0000700004549e08:   00007f9486f11ff0 00007f948800e000
0x0000700004549e18:   00007f9486f11db0 00007f9486f11df0
0x0000700004549e28:   00007f9486f11e00 00007f9486f11ed8
0x0000700004549e38:   00000000000000d8 0000700004549dd8
0x0000700004549e48:   00007f9486f11990 00007f9486f119c0
0x0000700004549e58:   00007f9486f119d0 00007f9486f11da8
0x0000700004549e68:   00000000000003d8 0000000000000000
0x0000700004549e78:   00007f9486f128b0 00007f9486f12920
0x0000700004549e88:   0000000000002b03 00007f948800e000
0x0000700004549e98:   0000000000000001 0000700004549ef0
0x0000700004549ea8:   0000000110a345d9 0000000000107d26
0x0000700004549eb8:   000070000454a0e0 000070000454a180
0x0000700004549ec8:   0000000600000000 000070000454a000
0x0000700004549ed8:   0000000110a344df 000000001c0008ff
0x0000700004549ee8:   00007f948800e000 0000700004549f10 

Instructions: (pc=0x00007f9486f07fb0)
0x00007f9486f07f90:   00 00 00 00 00 00 00 00 00 00 00 00 00 00 00 00
0x00007f9486f07fa0:   01 00 00 00 00 00 00 00 60 7f f0 86 94 7f 00 00
0x00007f9486f07fb0:   02 00 00 00 00 00 00 e0 f0 7f f0 86 94 7f 00 00
0x00007f9486f07fc0:   f0 7f f0 86 94 7f 00 00 00 80 f0 86 94 7f 00 00 

Register to memory mapping:

RAX=0x00007f9488002800 is a thread
RBX=0x00000007608b5800 is pointing into object: 0x00000007608b57d8
org.codehaus.groovy.reflection.CachedClass 
 - klass: 'org/codehaus/groovy/reflection/CachedClass'
RCX=0x0000000800000003 is an unknown value
RDX=